<?xml version="1.0" encoding="UTF-8"?>
<!-- Generated by org.testng.reporters.JUnitXMLReporter -->
<testsuite ignored="0" hostname="DESKTOP-FV7QQA3" failures="0" tests="14" name="Test" time="22.248" errors="0" timestamp="2024-04-24T17:12:57 IST">
  <testcase classname="api.test.UserTests" name="testPostUser" time="2.856"/>
  <testcase classname="api.test.UserTests" name="testGetUserByName" time="1.205"/>
  <testcase classname="api.test.UserTests" name="testUpdateUserByName" time="2.281"/>
  <testcase classname="api.test.UserTests" name="testDeleteUserByName" time="1.168"/>
  <testcase classname="api.test.UserTests2" name="testPostUser" time="1.168"/>
  <testcase classname="api.test.UserTests2" name="testGetUserByName" time="1.131"/>
  <testcase classname="api.test.UserTests2" name="testUpdateUserByName" time="2.257"/>
  <testcase classname="api.test.UserTests2" name="testDeleteUserByName" time="1.164"/>
  <testcase classname="api.test.DDTests" name="testPostuser" time="1.133"/>
  <testcase classname="api.test.DDTests" name="testPostuser" time="1.137"/>
  <testcase classname="api.test.DDTests" name="testPostuser" time="1.103"/>
  <testcase classname="api.test.DDTests" name="testDeleteUserByName" time="1.102"/>
  <testcase classname="api.test.DDTests" name="testDeleteUserByName" time="1.127"/>
  <testcase classname="api.test.DDTests" name="testDeleteUserByName" time="1.142"/>
</testsuite> <!-- Test -->
