<?xml version="1.0" encoding="UTF-8"?>
<!-- Generated by org.testng.reporters.JUnitXMLReporter -->
<testsuite ignored="0" hostname="DESKTOP-FV7QQA3" failures="0" tests="14" name="Test" time="22.71" errors="0" timestamp="2024-04-16T18:54:25 IST">
  <testcase classname="api.test.UserTests" name="testPostUser" time="3.366"/>
  <testcase classname="api.test.UserTests" name="testGetUserByName" time="1.19"/>
  <testcase classname="api.test.UserTests" name="testUpdateUserByName" time="2.25"/>
  <testcase classname="api.test.UserTests" name="testDeleteUserByName" time="1.132"/>
  <testcase classname="api.test.UserTests2" name="testPostUser" time="1.166"/>
  <testcase classname="api.test.UserTests2" name="testGetUserByName" time="1.152"/>
  <testcase classname="api.test.UserTests2" name="testUpdateUserByName" time="2.222"/>
  <testcase classname="api.test.UserTests2" name="testDeleteUserByName" time="1.132"/>
  <testcase classname="api.test.DDTests" name="testPostuser" time="1.127"/>
  <testcase classname="api.test.DDTests" name="testPostuser" time="1.149"/>
  <testcase classname="api.test.DDTests" name="testPostuser" time="1.116"/>
  <testcase classname="api.test.DDTests" name="testDeleteUserByName" time="1.141"/>
  <testcase classname="api.test.DDTests" name="testDeleteUserByName" time="1.104"/>
  <testcase classname="api.test.DDTests" name="testDeleteUserByName" time="1.161"/>
</testsuite> <!-- Test -->
