<?xml version="1.0" encoding="UTF-8"?>
<!-- Generated by org.testng.reporters.JUnitXMLReporter -->
<testsuite ignored="0" hostname="DESKTOP-FV7QQA3" failures="0" tests="4" name="PetTests" time="8.853" errors="0" timestamp="2024-04-19T17:01:33 IST">
  <testcase classname="api.test.UserTests2" name="testPostUser" time="2.827"/>
  <testcase classname="api.test.UserTests2" name="testGetUserByName" time="1.221"/>
  <testcase classname="api.test.UserTests2" name="testUpdateUserByName" time="2.29"/>
  <testcase classname="api.test.UserTests2" name="testDeleteUserByName" time="1.14"/>
</testsuite> <!-- PetTests -->
